#
# A fatal error has been detected by the Java Runtime Environment:
#
#  EXCEPTION_ACCESS_VIOLATION (0xc0000005) at pc=0x0000000007531d9e, pid=5952, tid=0x0000000000000b94
#
# JRE version: OpenJDK Runtime Environment (8.0_112-b06) (build 1.8.0_112-release-b06)
# Java VM: OpenJDK 64-Bit Server VM (25.112-b06 mixed mode windows-amd64 compressed oops)
# Problematic frame:
# J 33914 C2 java.util.concurrent.ConcurrentHashMap.clear()V (176 bytes) @ 0x0000000007531d9e [0x0000000007531ce0+0xbe]
#
# Failed to write core dump. Minidumps are not enabled by default on client versions of Windows
#
# If you would like to submit a bug report, please visit:
#   http://bugreport.java.com/bugreport/crash.jsp
#

---------------  T H R E A D  ---------------

Current thread (0x000000002299a800):  JavaThread "Daemon worker Thread 18" [_thread_in_Java, id=2964, stack(0x000000006e610000,0x000000006e710000)]

siginfo: ExceptionCode=0xc0000005, reading address 0x000000000010000c

Registers:
RAX=0x000000006e70d940, RBX=0x000000006e70d940, RCX=0x00000000f8f40060, RDX=0x00000000ada3e238
RSP=0x000000006e70d8d0, RBP=0x000000002caf8e0f, RSI=0x00000000f8f40060, RDI=0x0000000000078f85
R8 =0x0000000000100000, R9 =0x0000000000000000, R10=0x0000000000000009, R11=0xffffffffffffe31d
R12=0x0000000000000000, R13=0x0000000000078f85, R14=0x00000000a2631050, R15=0x000000002299a800
RIP=0x0000000007531d9e, EFLAGS=0x0000000000010206

Top of Stack: (sp=0x000000006e70d8d0)
0x000000006e70d8d0:   0000000000000001 0000000000000003
0x000000006e70d8e0:   0000000000000003 000000005349f65b
0x000000006e70d8f0:   0000000100080000 000000006e70d938
0x000000006e70d900:   0000000020ee5828 000000002299a800
0x000000006e70d910:   000000006e70d980 00000000025680e2
0x000000006e70d920:   00000000025680e2 00000000a2632a98
0x000000006e70d930:   0000000000000009 0000000000000000
0x000000006e70d940:   0000000000000009 0000000020eda906
0x000000006e70d950:   000000006e70d9b0 00000000025680e2
0x000000006e70d960:   00000000025680e2 00000000a2631050
0x000000006e70d970:   000000006e70d970 0000000020ef87d3
0x000000006e70d980:   000000006e70d9b8 0000000020efa780
0x000000006e70d990:   0000000000000000 0000000020ef87e0
0x000000006e70d9a0:   000000006e70d968 000000006e70d9c0
0x000000006e70d9b0:   000000006e70da00 000000000256809d
0x000000006e70d9c0:   000000006e70d9c0 0000000020eeb92b 

Instructions: (pc=0x0000000007531d9e)
0x0000000007531d7e:   7e e2 cc fa 3b 7c 24 20 0f 8d 81 00 00 00 4c 63
0x0000000007531d8e:   ef c4 c1 79 7e c8 47 8b 44 a8 10 45 85 c0 74 dc
0x0000000007531d9e:   41 8b 68 0c 83 fd ff 0f 84 62 03 00 00 49 8b 00
0x0000000007531dae:   49 8b f0 4c 8b d0 49 83 e2 07 49 83 fa 05 0f 85 


Register to memory mapping:

RAX=0x000000006e70d940 is pointing into the stack for thread: 0x000000002299a800
RBX=0x000000006e70d940 is pointing into the stack for thread: 0x000000002299a800
RCX=0x00000000f8f40060 is an oop
java.util.concurrent.ConcurrentHashMap$Node 
 - klass: 'java/util/concurrent/ConcurrentHashMap$Node'
RDX=0x00000000ada3e238 is an oop
[Ljava.util.concurrent.ConcurrentHashMap$Node; 
 - klass: 'java/util/concurrent/ConcurrentHashMap$Node'[]
 - length: 524288
RSP=0x000000006e70d8d0 is pointing into the stack for thread: 0x000000002299a800
RBP=0x000000002caf8e0f is an unknown value
RSI=0x00000000f8f40060 is an oop
java.util.concurrent.ConcurrentHashMap$Node 
 - klass: 'java/util/concurrent/ConcurrentHashMap$Node'
RDI=0x0000000000078f85 is an unknown value
R8 =0x0000000000100000 is an unknown value
R9 =0x0000000000000000 is an unknown value
R10=0x0000000000000009 is an unknown value
R11=0xffffffffffffe31d is an unknown value
R12=0x0000000000000000 is an unknown value
R13=0x0000000000078f85 is an unknown value
R14=0x00000000a2631050 is an oop
java.util.concurrent.ConcurrentHashMap 
 - klass: 'java/util/concurrent/ConcurrentHashMap'
R15=0x000000002299a800 is a thread


Stack: [0x000000006e610000,0x000000006e710000],  sp=0x000000006e70d8d0,  free space=1014k
Native frames: (J=compiled Java code, j=interpreted, Vv=VM code, C=native code)
C  0x0000000007531d9e


---------------  P R O C E S S  ---------------

Java Threads: ( => current thread )
  0x000000002299d800 JavaThread "Cache update executor" [_thread_blocked, id=8420, stack(0x000000006e910000,0x000000006ea10000)]
  0x0000000022994800 JavaThread "Stdin handler" [_thread_blocked, id=8088, stack(0x000000006e810000,0x000000006e910000)]
  0x0000000022996000 JavaThread "Asynchronous log dispatcher for DefaultDaemonConnection: socket connection from /127.0.0.1:56736 to /127.0.0.1:60299" [_thread_blocked, id=9212, stack(0x000000006e710000,0x000000006e810000)]
=>0x000000002299a800 JavaThread "Daemon worker Thread 18" [_thread_in_Java, id=2964, stack(0x000000006e610000,0x000000006e710000)]
  0x0000000022999800 JavaThread "Cancel handler" [_thread_blocked, id=8328, stack(0x000000006e510000,0x000000006e610000)]
  0x0000000022997800 JavaThread "Handler for socket connection from /127.0.0.1:56736 to /127.0.0.1:60299" [_thread_in_native, id=212, stack(0x000000006e410000,0x000000006e510000)]
  0x0000000022999000 JavaThread "Daemon Thread 18" [_thread_blocked, id=4436, stack(0x000000006e310000,0x000000006e410000)]
  0x000000001d4b4800 JavaThread "pool-69-thread-4" [_thread_blocked, id=6992, stack(0x0000000049140000,0x0000000049240000)]
  0x000000001e1a7800 JavaThread "pool-69-thread-3" [_thread_blocked, id=3444, stack(0x0000000048b40000,0x0000000048c40000)]
  0x000000001e1a8000 JavaThread "pool-69-thread-2" [_thread_blocked, id=4120, stack(0x0000000048140000,0x0000000048240000)]
  0x000000001e1a5000 JavaThread "pool-69-thread-1" [_thread_blocked, id=4668, stack(0x0000000047b40000,0x0000000047c40000)]
  0x000000001e1a9000 JavaThread "pool-44-thread-2" [_thread_blocked, id=2156, stack(0x000000003c940000,0x000000003ca40000)]
  0x000000001e1a9800 JavaThread "pool-44-thread-1" [_thread_blocked, id=3512, stack(0x000000003c340000,0x000000003c440000)]
  0x000000001e1a3000 JavaThread "Java2D Disposer" daemon [_thread_blocked, id=4088, stack(0x000000003aa40000,0x000000003ab40000)]
  0x000000001ae47800 JavaThread "File lock request listener" [_thread_in_native, id=4316, stack(0x000000001bb50000,0x000000001bc50000)]
  0x0000000018722800 JavaThread "pool-1-thread-1" [_thread_blocked, id=4600, stack(0x000000001a480000,0x000000001a580000)]
  0x0000000018f44800 JavaThread "Incoming local TCP Connector on port 56736" [_thread_in_native, id=7172, stack(0x0000000019610000,0x0000000019710000)]
  0x00000000177a8000 JavaThread "Service Thread" daemon [_thread_blocked, id=332, stack(0x0000000017c40000,0x0000000017d40000)]
  0x0000000017789800 JavaThread "C1 CompilerThread2" daemon [_thread_blocked, id=5400, stack(0x0000000017b40000,0x0000000017c40000)]
  0x0000000015ed7800 JavaThread "C2 CompilerThread1" daemon [_thread_blocked, id=8968, stack(0x0000000017640000,0x0000000017740000)]
  0x0000000015ed4000 JavaThread "C2 CompilerThread0" daemon [_thread_blocked, id=4592, stack(0x0000000017540000,0x0000000017640000)]
  0x0000000015f20800 JavaThread "Attach Listener" daemon [_thread_blocked, id=8312, stack(0x0000000017440000,0x0000000017540000)]
  0x0000000015f1f800 JavaThread "Signal Dispatcher" daemon [_thread_blocked, id=664, stack(0x0000000017340000,0x0000000017440000)]
  0x000000000255b000 JavaThread "Finalizer" daemon [_thread_blocked, id=7600, stack(0x0000000017150000,0x0000000017250000)]
  0x0000000015e97000 JavaThread "Reference Handler" daemon [_thread_blocked, id=2536, stack(0x0000000017050000,0x0000000017150000)]
  0x0000000002461000 JavaThread "main" [_thread_blocked, id=4700, stack(0x0000000002360000,0x0000000002460000)]

Other Threads:
  0x0000000015e95800 VMThread [stack: 0x0000000016f50000,0x0000000017050000] [id=4968]
  0x00000000177a9800 WatcherThread [stack: 0x0000000017d40000,0x0000000017e40000] [id=7636]

VM state:not at safepoint (normal execution)

VM Mutex/Monitor currently owned by a thread: None

Heap:
 PSYoungGen      total 406016K, used 169943K [0x00000000e0000000, 0x00000000ff700000, 0x0000000100000000)
  eden space 299008K, 55% used [0x00000000e0000000,0x00000000ea1acea0,0x00000000f2400000)
  from space 107008K, 4% used [0x00000000f8e80000,0x00000000f92c8d88,0x00000000ff700000)
  to   space 108032K, 0% used [0x00000000f2400000,0x00000000f2400000,0x00000000f8d80000)
 ParOldGen       total 288768K, used 238859K [0x00000000a0000000, 0x00000000b1a00000, 0x00000000e0000000)
  object space 288768K, 82% used [0x00000000a0000000,0x00000000ae942e78,0x00000000b1a00000)
 Metaspace       used 120628K, capacity 133188K, committed 133848K, reserved 1167360K
  class space    used 15055K, capacity 16447K, committed 16640K, reserved 1048576K

Card table byte_map: [0x0000000011920000,0x0000000011c30000] byte_map_base: 0x0000000011420000

Marking Bits: (ParMarkBitMap*) 0x0000000053b918f0
 Begin Bits: [0x0000000012230000, 0x0000000013a30000)
 End Bits:   [0x0000000013a30000, 0x0000000015230000)

Polling page: 0x0000000002200000

CodeCache: size=245760Kb used=99096Kb max_used=99143Kb free=146663Kb
 bounds [0x0000000002560000, 0x00000000086e0000, 0x0000000011560000]
 total_blobs=26974 nmethods=26040 adapters=845
 compilation: enabled

Compilation events (10 events):
Event: 4630.713 Thread 0x0000000017789800 34626       1       java.util.concurrent.ThreadPoolExecutor::onShutdown (1 bytes)
Event: 4630.714 Thread 0x0000000017789800 nmethod 34626 0x000000000864ef90 code [0x000000000864f0e0, 0x000000000864f1f0]
Event: 4630.774 Thread 0x0000000017789800 34627       3       sun.security.x509.AlgorithmId::parse (100 bytes)
Event: 4630.775 Thread 0x0000000017789800 nmethod 34627 0x0000000007b5f4d0 code [0x0000000007b5f720, 0x0000000007b60608]
Event: 4630.775 Thread 0x0000000017789800 34628       3       sun.security.x509.AlgorithmId::<init> (31 bytes)
Event: 4630.775 Thread 0x0000000017789800 nmethod 34628 0x00000000040c8550 code [0x00000000040c86c0, 0x00000000040c8928]
Event: 4630.866 Thread 0x0000000015ed7800 34629       4       com.google.common.collect.ImmutableMapKeySet$1::get (17 bytes)
Event: 4630.866 Thread 0x0000000015ed4000 34630       4       com.google.common.collect.RegularImmutableAsList::get (9 bytes)
Event: 4630.868 Thread 0x0000000015ed4000 nmethod 34630 0x000000000761a2d0 code [0x000000000761a420, 0x000000000761a538]
Event: 4630.868 Thread 0x0000000015ed7800 nmethod 34629 0x0000000007b57e90 code [0x0000000007b58000, 0x0000000007b581f8]

GC Heap History (10 events):
Event: 4200.648 GC heap before
{Heap before GC invocations=91 (full 5):
 PSYoungGen      total 399872K, used 295825K [0x00000000e0000000, 0x0000000100000000, 0x0000000100000000)
  eden space 281600K, 100% used [0x00000000e0000000,0x00000000f1300000,0x00000000f1300000)
  from space 118272K, 12% used [0x00000000f1300000,0x00000000f20e4758,0x00000000f8680000)
  to   space 117760K, 0% used [0x00000000f8d00000,0x00000000f8d00000,0x0000000100000000)
 ParOldGen       total 288768K, used 222123K [0x00000000a0000000, 0x00000000b1a00000, 0x00000000e0000000)
  object space 288768K, 76% used [0x00000000a0000000,0x00000000ad8eae40,0x00000000b1a00000)
 Metaspace       used 120424K, capacity 132884K, committed 133848K, reserved 1167360K
  class space    used 15038K, capacity 16425K, committed 16640K, reserved 1048576K
Event: 4200.667 GC heap after
Heap after GC invocations=91 (full 5):
 PSYoungGen      total 404480K, used 5294K [0x00000000e0000000, 0x00000000ffe80000, 0x0000000100000000)
  eden space 288256K, 0% used [0x00000000e0000000,0x00000000e0000000,0x00000000f1980000)
  from space 116224K, 4% used [0x00000000f8d00000,0x00000000f922b818,0x00000000ffe80000)
  to   space 117248K, 0% used [0x00000000f1980000,0x00000000f1980000,0x00000000f8c00000)
 ParOldGen       total 288768K, used 227904K [0x00000000a0000000, 0x00000000b1a00000, 0x00000000e0000000)
  object space 288768K, 78% used [0x00000000a0000000,0x00000000ade90320,0x00000000b1a00000)
 Metaspace       used 120424K, capacity 132884K, committed 133848K, reserved 1167360K
  class space    used 15038K, capacity 16425K, committed 16640K, reserved 1048576K
}
Event: 4204.218 GC heap before
{Heap before GC invocations=92 (full 5):
 PSYoungGen      total 404480K, used 293550K [0x00000000e0000000, 0x00000000ffe80000, 0x0000000100000000)
  eden space 288256K, 100% used [0x00000000e0000000,0x00000000f1980000,0x00000000f1980000)
  from space 116224K, 4% used [0x00000000f8d00000,0x00000000f922b818,0x00000000ffe80000)
  to   space 117248K, 0% used [0x00000000f1980000,0x00000000f1980000,0x00000000f8c00000)
 ParOldGen       total 288768K, used 227904K [0x00000000a0000000, 0x00000000b1a00000, 0x00000000e0000000)
  object space 288768K, 78% used [0x00000000a0000000,0x00000000ade90320,0x00000000b1a00000)
 Metaspace       used 120468K, capacity 132954K, committed 133848K, reserved 1167360K
  class space    used 15039K, capacity 16426K, committed 16640K, reserved 1048576K
Event: 4204.233 GC heap after
Heap after GC invocations=92 (full 5):
 PSYoungGen      total 405504K, used 6175K [0x00000000e0000000, 0x00000000ffe00000, 0x0000000100000000)
  eden space 288256K, 0% used [0x00000000e0000000,0x00000000e0000000,0x00000000f1980000)
  from space 117248K, 5% used [0x00000000f1980000,0x00000000f1f87e20,0x00000000f8c00000)
  to   space 115712K, 0% used [0x00000000f8d00000,0x00000000f8d00000,0x00000000ffe00000)
 ParOldGen       total 288768K, used 228363K [0x00000000a0000000, 0x00000000b1a00000, 0x00000000e0000000)
  object space 288768K, 79% used [0x00000000a0000000,0x00000000adf02e30,0x00000000b1a00000)
 Metaspace       used 120468K, capacity 132954K, committed 133848K, reserved 1167360K
  class space    used 15039K, capacity 16426K, committed 16640K, reserved 1048576K
}
Event: 4205.282 GC heap before
{Heap before GC invocations=93 (full 5):
 PSYoungGen      total 405504K, used 294318K [0x00000000e0000000, 0x00000000ffe00000, 0x0000000100000000)
  eden space 288256K, 99% used [0x00000000e0000000,0x00000000f1963d78,0x00000000f1980000)
  from space 117248K, 5% used [0x00000000f1980000,0x00000000f1f87e20,0x00000000f8c00000)
  to   space 115712K, 0% used [0x00000000f8d00000,0x00000000f8d00000,0x00000000ffe00000)
 ParOldGen       total 288768K, used 228363K [0x00000000a0000000, 0x00000000b1a00000, 0x00000000e0000000)
  object space 288768K, 79% used [0x00000000a0000000,0x00000000adf02e30,0x00000000b1a00000)
 Metaspace       used 120490K, capacity 132978K, committed 133848K, reserved 1167360K
  class space    used 15042K, capacity 16430K, committed 16640K, reserved 1048576K
Event: 4205.296 GC heap after
Heap after GC invocations=93 (full 5):
 PSYoungGen      total 404480K, used 3535K [0x00000000e0000000, 0x00000000ffb80000, 0x0000000100000000)
  eden space 291328K, 0% used [0x00000000e0000000,0x00000000e0000000,0x00000000f1c80000)
  from space 113152K, 3% used [0x00000000f8d00000,0x00000000f9073ee0,0x00000000ffb80000)
  to   space 114176K, 0% used [0x00000000f1c80000,0x00000000f1c80000,0x00000000f8c00000)
 ParOldGen       total 288768K, used 232631K [0x00000000a0000000, 0x00000000b1a00000, 0x00000000e0000000)
  object space 288768K, 80% used [0x00000000a0000000,0x00000000ae32dde0,0x00000000b1a00000)
 Metaspace       used 120490K, capacity 132978K, committed 133848K, reserved 1167360K
  class space    used 15042K, capacity 16430K, committed 16640K, reserved 1048576K
}
Event: 4625.763 GC heap before
{Heap before GC invocations=94 (full 5):
 PSYoungGen      total 404480K, used 294410K [0x00000000e0000000, 0x00000000ffb80000, 0x0000000100000000)
  eden space 291328K, 99% used [0x00000000e0000000,0x00000000f1c0eb88,0x00000000f1c80000)
  from space 113152K, 3% used [0x00000000f8d00000,0x00000000f9073ee0,0x00000000ffb80000)
  to   space 114176K, 0% used [0x00000000f1c80000,0x00000000f1c80000,0x00000000f8c00000)
 ParOldGen       total 288768K, used 232631K [0x00000000a0000000, 0x00000000b1a00000, 0x00000000e0000000)
  object space 288768K, 80% used [0x00000000a0000000,0x00000000ae32dde0,0x00000000b1a00000)
 Metaspace       used 120551K, capacity 133094K, committed 133848K, reserved 1167360K
  class space    used 15052K, capacity 16442K, committed 16640K, reserved 1048576K
Event: 4625.777 GC heap after
Heap after GC invocations=94 (full 5):
 PSYoungGen      total 405504K, used 6823K [0x00000000e0000000, 0x00000000ffb00000, 0x0000000100000000)
  eden space 291328K, 0% used [0x00000000e0000000,0x00000000e0000000,0x00000000f1c80000)
  from space 114176K, 5% used [0x00000000f1c80000,0x00000000f2329eb8,0x00000000f8c00000)
  to   space 111104K, 0% used [0x00000000f8e80000,0x00000000f8e80000,0x00000000ffb00000)
 ParOldGen       total 288768K, used 233575K [0x00000000a0000000, 0x00000000b1a00000, 0x00000000e0000000)
  object space 288768K, 80% used [0x00000000a0000000,0x00000000ae419df0,0x00000000b1a00000)
 Metaspace       used 120551K, capacity 133094K, committed 133848K, reserved 1167360K
  class space    used 15052K, capacity 16442K, committed 16640K, reserved 1048576K
}
Event: 4630.696 GC heap before
{Heap before GC invocations=95 (full 5):
 PSYoungGen      total 405504K, used 298151K [0x00000000e0000000, 0x00000000ffb00000, 0x0000000100000000)
  eden space 291328K, 100% used [0x00000000e0000000,0x00000000f1c80000,0x00000000f1c80000)
  from space 114176K, 5% used [0x00000000f1c80000,0x00000000f2329eb8,0x00000000f8c00000)
  to   space 111104K, 0% used [0x00000000f8e80000,0x00000000f8e80000,0x00000000ffb00000)
 ParOldGen       total 288768K, used 233575K [0x00000000a0000000, 0x00000000b1a00000, 0x00000000e0000000)
  object space 288768K, 80% used [0x00000000a0000000,0x00000000ae419df0,0x00000000b1a00000)
 Metaspace       used 120626K, capacity 133188K, committed 133848K, reserved 1167360K
  class space    used 15055K, capacity 16447K, committed 16640K, reserved 1048576K
Event: 4630.712 GC heap after
Heap after GC invocations=95 (full 5):
 PSYoungGen      total 406016K, used 4387K [0x00000000e0000000, 0x00000000ff700000, 0x0000000100000000)
  eden space 299008K, 0% used [0x00000000e0000000,0x00000000e0000000,0x00000000f2400000)
  from space 107008K, 4% used [0x00000000f8e80000,0x00000000f92c8d88,0x00000000ff700000)
  to   space 108032K, 0% used [0x00000000f2400000,0x00000000f2400000,0x00000000f8d80000)
 ParOldGen       total 288768K, used 238859K [0x00000000a0000000, 0x00000000b1a00000, 0x00000000e0000000)
  object space 288768K, 82% used [0x00000000a0000000,0x00000000ae942e78,0x00000000b1a00000)
 Metaspace       used 120626K, capacity 133188K, committed 133848K, reserved 1167360K
  class space    used 15055K, capacity 16447K, committed 16640K, reserved 1048576K
}

Deoptimization events (10 events):
Event: 4203.012 Thread 0x000000001e1b1000 Uncommon trap: reason=unstable_if action=reinterpret pc=0x0000000008079890 method=org.objectweb.asm.ClassReader.a(Lorg/objectweb/asm/MethodVisitor;Lorg/objectweb/asm/Context;I)V @ 1352
Event: 4204.954 Thread 0x000000002299d800 Uncommon trap: reason=unstable_if action=reinterpret pc=0x00000000084c33fc method=com.android.apkzlib.zip.FileUseMap.locateFree(JJJLcom/android/apkzlib/zip/FileUseMap$PositionAlgorithm;)J @ 378
Event: 4205.209 Thread 0x000000001e1b1000 Uncommon trap: reason=predicate action=maybe_recompile pc=0x0000000007669268 method=com.android.apkzlib.zip.FileUseMap.locateFree(JJJLcom/android/apkzlib/zip/FileUseMap$PositionAlgorithm;)J @ 106
Event: 4622.535 Thread 0x000000002299a800 Uncommon trap: reason=null_check action=make_not_entrant pc=0x0000000003f37d18 method=sun.nio.fs.NativeBuffers.getNativeBufferFromCache(I)Lsun/nio/fs/NativeBuffer; @ 6
Event: 4623.056 Thread 0x000000002299a800 Uncommon trap: reason=class_check action=maybe_recompile pc=0x000000000288349c method=com.google.common.collect.ImmutableCollection.toArray([Ljava/lang/Object;)[Ljava/lang/Object; @ 6
Event: 4625.244 Thread 0x000000002299a800 Uncommon trap: reason=class_check action=maybe_recompile pc=0x00000000053ea580 method=com.google.common.collect.AbstractMapBasedMultimap$Itr.next()Ljava/lang/Object; @ 42
Event: 4625.244 Thread 0x000000002299a800 Uncommon trap: reason=bimorphic action=maybe_recompile pc=0x0000000002a387c4 method=com.google.common.collect.AbstractMapBasedMultimap$Itr.hasNext()Z @ 16
Event: 4625.330 Thread 0x000000002299a800 Uncommon trap: reason=class_check action=maybe_recompile pc=0x000000000288404c method=sun.misc.URLClassPath$1.next()Z @ 46
Event: 4625.400 Thread 0x000000002299a800 Uncommon trap: reason=unstable_if action=reinterpret pc=0x0000000006fdf388 method=com.sun.tools.javac.util.Position$LineMapImpl.getLineNumber(I)I @ 66
Event: 4626.613 Thread 0x0000000022996000 Uncommon trap: reason=unstable_if action=reinterpret pc=0x0000000005f8f6bc method=java.util.concurrent.locks.AbstractQueuedSynchronizer.isOnSyncQueue(Ljava/util/concurrent/locks/AbstractQueuedSynchronizer$Node;)Z @ 13

Internal exceptions (10 events):
Event: 4145.997 Thread 0x000000001e1b1000 Exception <a 'sun/nio/fs/WindowsException'> (0x00000000e64259c8) thrown at [C:\src\android\AOSP-openjdk\external\jetbrains\jdk\hotspot\src\share\vm\prims\jni.cpp, line 709]
Event: 4185.834 Thread 0x000000001e1b1000 Exception <a 'java/lang/ClassNotFoundException': asLocalRepo705_bsdb89nr9pj5gheub61ym0tqgBeanInfo> (0x00000000e6951ba8) thrown at [C:\src\android\AOSP-openjdk\external\jetbrains\jdk\hotspot\src\share\vm\classfile\systemDictionary.cpp, line 210]
Event: 4185.834 Thread 0x000000001e1b1000 Exception <a 'java/lang/ClassNotFoundException': asLocalRepo705_bsdb89nr9pj5gheub61ym0tqgCustomizer> (0x00000000e695cb70) thrown at [C:\src\android\AOSP-openjdk\external\jetbrains\jdk\hotspot\src\share\vm\classfile\systemDictionary.cpp, line 210]
Event: 4187.255 Thread 0x000000001e1b1000 Exception <a 'sun/nio/fs/WindowsException'> (0x00000000ec764018) thrown at [C:\src\android\AOSP-openjdk\external\jetbrains\jdk\hotspot\src\share\vm\prims\jni.cpp, line 709]
Event: 4199.913 Thread 0x000000001e1b1000 Exception <a 'java/lang/ClassNotFoundException': asLocalRepo1137_1epjzube16gfqe2bkljx8z7lyBeanInfo> (0x00000000ecbdf238) thrown at [C:\src\android\AOSP-openjdk\external\jetbrains\jdk\hotspot\src\share\vm\classfile\systemDictionary.cpp, line 210]
Event: 4199.914 Thread 0x000000001e1b1000 Exception <a 'java/lang/ClassNotFoundException': asLocalRepo1137_1epjzube16gfqe2bkljx8z7lyCustomizer> (0x00000000ecbea848) thrown at [C:\src\android\AOSP-openjdk\external\jetbrains\jdk\hotspot\src\share\vm\classfile\systemDictionary.cpp, line 210]
Event: 4205.462 Thread 0x000000001e1b1000 Exception <a 'sun/nio/fs/WindowsException'> (0x00000000e19567c0) thrown at [C:\src\android\AOSP-openjdk\external\jetbrains\jdk\hotspot\src\share\vm\prims\jni.cpp, line 709]
Event: 4622.050 Thread 0x000000002299a800 Exception <a 'java/lang/ClassNotFoundException': asLocalRepo302_56yda9t2mzc03diyu7kx5bdd9BeanInfo> (0x00000000e25c6290) thrown at [C:\src\android\AOSP-openjdk\external\jetbrains\jdk\hotspot\src\share\vm\classfile\systemDictionary.cpp, line 210]
Event: 4622.051 Thread 0x000000002299a800 Exception <a 'java/lang/ClassNotFoundException': asLocalRepo302_56yda9t2mzc03diyu7kx5bdd9Customizer> (0x00000000e25d1258) thrown at [C:\src\android\AOSP-openjdk\external\jetbrains\jdk\hotspot\src\share\vm\classfile\systemDictionary.cpp, line 210]
Event: 4622.535 Thread 0x000000002299a800 Implicit null exception at 0x0000000003f37bd2 to 0x0000000003f37d09

Events (10 events):
Event: 4630.677 Executing VM operation: RevokeBias done
Event: 4630.680 Executing VM operation: RevokeBias
Event: 4630.680 Executing VM operation: RevokeBias done
Event: 4630.696 Executing VM operation: ParallelGCFailedAllocation
Event: 4630.712 Executing VM operation: ParallelGCFailedAllocation done
Event: 4630.712 Executing VM operation: RevokeBias
Event: 4630.712 Executing VM operation: RevokeBias done
Event: 4630.783 Thread 0x00000000229a3800 Thread exited: 0x00000000229a3800
Event: 4630.906 Thread 0x000000002299c800 Thread exited: 0x000000002299c800
Event: 4630.906 Thread 0x0000000022996800 Thread exited: 0x0000000022996800


Dynamic libraries:
0x00007ff72b010000 - 0x00007ff72b041000 	C:\Program Files\Android\Android Studio\jre\bin\java.exe
0x00007ffab5550000 - 0x00007ffab5721000 	C:\WINDOWS\SYSTEM32\ntdll.dll
0x00007ffab38e0000 - 0x00007ffab398b000 	C:\WINDOWS\System32\KERNEL32.DLL
0x00007ffab2740000 - 0x00007ffab295d000 	C:\WINDOWS\System32\KERNELBASE.dll
0x00007ffab3770000 - 0x00007ffab3812000 	C:\WINDOWS\System32\ADVAPI32.dll
0x00007ffab2ae0000 - 0x00007ffab2b7e000 	C:\WINDOWS\System32\msvcrt.dll
0x00007ffab2d60000 - 0x00007ffab2db9000 	C:\WINDOWS\System32\sechost.dll
0x00007ffab5360000 - 0x00007ffab5481000 	C:\WINDOWS\System32\RPCRT4.dll
0x00007ffab2b80000 - 0x00007ffab2ce5000 	C:\WINDOWS\System32\USER32.dll
0x00007ffab2ac0000 - 0x00007ffab2ade000 	C:\WINDOWS\System32\win32u.dll
0x00007ffab3af0000 - 0x00007ffab3b24000 	C:\WINDOWS\System32\GDI32.dll
0x00007ffab2270000 - 0x00007ffab23f2000 	C:\WINDOWS\System32\gdi32full.dll
0x00007ffaa2330000 - 0x00007ffaa25aa000 	C:\WINDOWS\WinSxS\amd64_microsoft.windows.common-controls_6595b64144ccf1df_6.0.14393.953_none_42151e83c686086b\COMCTL32.dll
0x00007ffab32f0000 - 0x00007ffab35b8000 	C:\WINDOWS\System32\combase.dll
0x00007ffab2640000 - 0x00007ffab2735000 	C:\WINDOWS\System32\ucrtbase.dll
0x00007ffab25d0000 - 0x00007ffab263a000 	C:\WINDOWS\System32\bcryptPrimitives.dll
0x00007ffab2e30000 - 0x00007ffab2e5e000 	C:\WINDOWS\System32\IMM32.DLL
0x00000000532f0000 - 0x00000000533c2000 	C:\Program Files\Android\Android Studio\jre\jre\bin\msvcr100.dll
0x00000000533d0000 - 0x0000000053c0c000 	C:\Program Files\Android\Android Studio\jre\jre\bin\server\jvm.dll
0x00007ffab51e0000 - 0x00007ffab51e8000 	C:\WINDOWS\System32\PSAPI.DLL
0x00007ffaaf370000 - 0x00007ffaaf393000 	C:\WINDOWS\SYSTEM32\WINMM.dll
0x00007ffaafef0000 - 0x00007ffaafefa000 	C:\WINDOWS\SYSTEM32\VERSION.dll
0x00007ffaa9eb0000 - 0x00007ffaa9eb9000 	C:\WINDOWS\SYSTEM32\WSOCK32.dll
0x00007ffab2dc0000 - 0x00007ffab2e2a000 	C:\WINDOWS\System32\WS2_32.dll
0x00007ffaaf340000 - 0x00007ffaaf36b000 	C:\WINDOWS\SYSTEM32\WINMMBASE.dll
0x00007ffab2220000 - 0x00007ffab2262000 	C:\WINDOWS\System32\cfgmgr32.dll
0x00007ffab0540000 - 0x00007ffab054f000 	C:\Program Files\Android\Android Studio\jre\jre\bin\verify.dll
0x00007ffab02f0000 - 0x00007ffab0319000 	C:\Program Files\Android\Android Studio\jre\jre\bin\java.dll
0x00007ffab0520000 - 0x00007ffab0536000 	C:\Program Files\Android\Android Studio\jre\jre\bin\zip.dll
0x00007ffab3cd0000 - 0x00007ffab51d9000 	C:\WINDOWS\System32\SHELL32.dll
0x00007ffab1a40000 - 0x00007ffab211a000 	C:\WINDOWS\System32\windows.storage.dll
0x00007ffab19c0000 - 0x00007ffab1a0c000 	C:\WINDOWS\System32\powrprof.dll
0x00007ffab5300000 - 0x00007ffab5352000 	C:\WINDOWS\System32\shlwapi.dll
0x00007ffab19b0000 - 0x00007ffab19bf000 	C:\WINDOWS\System32\kernel.appcore.dll
0x00007ffab2a10000 - 0x00007ffab2ab9000 	C:\WINDOWS\System32\shcore.dll
0x00007ffab1a20000 - 0x00007ffab1a34000 	C:\WINDOWS\System32\profapi.dll
0x00007ffab0480000 - 0x00007ffab049a000 	C:\Program Files\Android\Android Studio\jre\jre\bin\net.dll
0x00007ffab0f80000 - 0x00007ffab0fdc000 	C:\WINDOWS\system32\mswsock.dll
0x00007ffab03c0000 - 0x00007ffab03d1000 	C:\Program Files\Android\Android Studio\jre\jre\bin\nio.dll
0x00007ffa9b800000 - 0x00007ffa9b81e000 	C:\Users\Tanapon\.gradle\native\23\windows-amd64\native-platform.dll
0x00007ffab13b0000 - 0x00007ffab13c7000 	C:\WINDOWS\SYSTEM32\CRYPTSP.dll
0x00007ffab0b80000 - 0x00007ffab0bb3000 	C:\WINDOWS\system32\rsaenh.dll
0x00007ffab18f0000 - 0x00007ffab191b000 	C:\WINDOWS\SYSTEM32\bcrypt.dll
0x00007ffab0e00000 - 0x00007ffab0e1f000 	C:\WINDOWS\SYSTEM32\USERENV.dll
0x00007ffab1120000 - 0x00007ffab112b000 	C:\WINDOWS\SYSTEM32\CRYPTBASE.dll
0x00007ffab0d00000 - 0x00007ffab0d38000 	C:\WINDOWS\SYSTEM32\IPHLPAPI.DLL
0x00007ffab52f0000 - 0x00007ffab52f8000 	C:\WINDOWS\System32\NSI.dll
0x00007ffaabca0000 - 0x00007ffaabcb6000 	C:\WINDOWS\SYSTEM32\dhcpcsvc6.DLL
0x00007ffaabd60000 - 0x00007ffaabd7a000 	C:\WINDOWS\SYSTEM32\dhcpcsvc.DLL
0x00007ffab04e0000 - 0x00007ffab04ed000 	C:\Program Files\Android\Android Studio\jre\jre\bin\management.dll
0x00007ffa899c0000 - 0x00007ffa899e4000 	C:\Program Files\Android\Android Studio\jre\jre\bin\sunec.dll
0x00007ffab0d40000 - 0x00007ffab0de1000 	C:\WINDOWS\SYSTEM32\DNSAPI.dll
0x00007ffaa8ad0000 - 0x00007ffaa8ada000 	C:\Windows\System32\rasadhlp.dll
0x00007ffaab990000 - 0x00007ffaab9fa000 	C:\WINDOWS\System32\fwpuclnt.dll
0x00007ffaa21d0000 - 0x00007ffaa21db000 	C:\Program Files\Android\Android Studio\jre\jre\bin\sunmscapi.dll
0x00007ffab2400000 - 0x00007ffab25c9000 	C:\WINDOWS\System32\CRYPT32.dll
0x00007ffab1a10000 - 0x00007ffab1a20000 	C:\WINDOWS\System32\MSASN1.dll
0x00007ffa81b90000 - 0x00007ffa81d23000 	C:\Program Files\Android\Android Studio\jre\jre\bin\awt.dll
0x00007ffab3820000 - 0x00007ffab38df000 	C:\WINDOWS\System32\OLEAUT32.dll
0x00007ffab2180000 - 0x00007ffab221c000 	C:\WINDOWS\System32\msvcp_win.dll
0x00007ffaaf5a0000 - 0x00007ffaaf61a000 	C:\WINDOWS\SYSTEM32\apphelp.dll
0x00007ffaaecb0000 - 0x00007ffaaecd6000 	C:\WINDOWS\system32\DWMAPI.DLL
0x00007ffaaf780000 - 0x00007ffaaf815000 	C:\WINDOWS\system32\uxtheme.dll
0x00007ffab0a50000 - 0x00007ffab0a82000 	C:\WINDOWS\SYSTEM32\ntmarta.dll
0x00007ffab15e0000 - 0x00007ffab1772000 	C:\WINDOWS\SYSTEM32\dbghelp.dll

VM Arguments:
jvm_args: -Xmx1536m -Dfile.encoding=x-windows-874 -Duser.country=US -Duser.language=en -Duser.variant 
java_command: org.gradle.launcher.daemon.bootstrap.GradleDaemon 3.3
java_class_path (initial): C:\Users\Tanapon\.gradle\wrapper\dists\gradle-3.3-all\55gk2rcmfc6p2dg9u9ohc3hw9\gradle-3.3\lib\gradle-launcher-3.3.jar
Launcher Type: SUN_STANDARD

Environment Variables:
JAVA_HOME=C:\Program Files\Java\jdk1.7.0_79
PATH=C:\WINDOWS\system32;C:\WINDOWS;C:\WINDOWS\System32\Wbem;C:\WINDOWS\System32\WindowsPowerShell\v1.0\:%ROO_HOME%\bin;%M2_HOME%\bin;%JAVA_HOME%\bin;;C:\WINDOWS\System32\WindowsPowerShell\v1.0\;C:\spring-roo-1.3.2.RELEASE\bin;C:\Program Files\Java\jdk1.7.0_79\bin;C:\apache-maven-3.3.9\bin;;C:\Users\Tanapon\AppData\Local\Microsoft\WindowsApps
USERNAME=Tanapon
OS=Windows_NT
PROCESSOR_IDENTIFIER=Intel64 Family 6 Model 42 Stepping 7, GenuineIntel



---------------  S Y S T E M  ---------------

OS: Windows 10.0 , 64 bit Build 14393 (10.0.14393.0)

CPU:total 4 (2 cores per cpu, 2 threads per core) family 6 model 42 stepping 7, cmov, cx8, fxsr, mmx, sse, sse2, sse3, ssse3, sse4.1, sse4.2, popcnt, avx, aes, clmul, ht, tsc, tscinvbit

Memory: 4k page, physical 8294276k(2009916k free), swap 9604996k(2578736k free)

vm_info: OpenJDK 64-Bit Server VM (25.112-b06) for windows-amd64 JRE (1.8.0_112-release-b06), built on Dec  8 2016 00:54:26 by "builder" with MS VC++ 10.0 (VS2010)

time: Tue Apr 04 23:08:11 2017
elapsed time: 4630 seconds (0d 1h 17m 10s)

